{"/Users/kamallaungani/Documents/VSCode/death-note/backend/server.js": {"path":"/Users/kamallaungani/Documents/VSCode/death-note/backend/server.js","statementMap":{"0":{"start":{"line":1,"column":16},"end":{"line":1,"column":34}},"1":{"start":{"line":2,"column":13},"end":{"line":2,"column":28}},"2":{"start":{"line":3,"column":19},"end":{"line":3,"column":36}},"3":{"start":{"line":4,"column":24},"end":{"line":4,"column":61}},"4":{"start":{"line":5,"column":25},"end":{"line":5,"column":63}},"5":{"start":{"line":6,"column":25},"end":{"line":6,"column":40}},"6":{"start":{"line":7,"column":19},"end":{"line":7,"column":39}},"7":{"start":{"line":14,"column":12},"end":{"line":14,"column":21}},"8":{"start":{"line":15,"column":15},"end":{"line":15,"column":32}},"9":{"start":{"line":16,"column":11},"end":{"line":21,"column":2}},"10":{"start":{"line":24,"column":0},"end":{"line":24,"column":16}},"11":{"start":{"line":25,"column":0},"end":{"line":25,"column":24}},"12":{"start":{"line":28,"column":25},"end":{"line":28,"column":34}},"13":{"start":{"line":31,"column":0},"end":{"line":31,"column":26}},"14":{"start":{"line":36,"column":0},"end":{"line":42,"column":3}},"15":{"start":{"line":37,"column":2},"end":{"line":41,"column":5}},"16":{"start":{"line":48,"column":0},"end":{"line":158,"column":3}},"17":{"start":{"line":49,"column":2},"end":{"line":157,"column":3}},"18":{"start":{"line":50,"column":52},"end":{"line":50,"column":60}},"19":{"start":{"line":53,"column":4},"end":{"line":58,"column":5}},"20":{"start":{"line":54,"column":6},"end":{"line":57,"column":9}},"21":{"start":{"line":60,"column":4},"end":{"line":65,"column":5}},"22":{"start":{"line":61,"column":6},"end":{"line":64,"column":9}},"23":{"start":{"line":68,"column":4},"end":{"line":73,"column":5}},"24":{"start":{"line":69,"column":6},"end":{"line":72,"column":9}},"25":{"start":{"line":76,"column":4},"end":{"line":81,"column":5}},"26":{"start":{"line":77,"column":6},"end":{"line":80,"column":9}},"27":{"start":{"line":84,"column":4},"end":{"line":84,"column":54}},"28":{"start":{"line":87,"column":4},"end":{"line":92,"column":7}},"29":{"start":{"line":95,"column":4},"end":{"line":99,"column":7}},"30":{"start":{"line":102,"column":4},"end":{"line":102,"column":72}},"31":{"start":{"line":104,"column":4},"end":{"line":149,"column":14}},"32":{"start":{"line":105,"column":6},"end":{"line":148,"column":7}},"33":{"start":{"line":107,"column":8},"end":{"line":107,"column":74}},"34":{"start":{"line":109,"column":23},"end":{"line":109,"column":78}},"35":{"start":{"line":111,"column":8},"end":{"line":135,"column":9}},"36":{"start":{"line":112,"column":10},"end":{"line":112,"column":59}},"37":{"start":{"line":115,"column":10},"end":{"line":120,"column":13}},"38":{"start":{"line":122,"column":10},"end":{"line":122,"column":77}},"39":{"start":{"line":124,"column":10},"end":{"line":124,"column":56}},"40":{"start":{"line":127,"column":10},"end":{"line":132,"column":13}},"41":{"start":{"line":134,"column":10},"end":{"line":134,"column":91}},"42":{"start":{"line":137,"column":8},"end":{"line":137,"column":54}},"43":{"start":{"line":140,"column":8},"end":{"line":145,"column":11}},"44":{"start":{"line":147,"column":8},"end":{"line":147,"column":83}},"45":{"start":{"line":152,"column":4},"end":{"line":152,"column":54}},"46":{"start":{"line":153,"column":4},"end":{"line":156,"column":7}},"47":{"start":{"line":163,"column":0},"end":{"line":181,"column":3}},"48":{"start":{"line":164,"column":28},"end":{"line":164,"column":38}},"49":{"start":{"line":167,"column":2},"end":{"line":172,"column":3}},"50":{"start":{"line":168,"column":4},"end":{"line":171,"column":7}},"51":{"start":{"line":174,"column":17},"end":{"line":174,"column":62}},"52":{"start":{"line":176,"column":2},"end":{"line":180,"column":5}},"53":{"start":{"line":186,"column":0},"end":{"line":191,"column":3}},"54":{"start":{"line":187,"column":2},"end":{"line":190,"column":5}},"55":{"start":{"line":196,"column":0},"end":{"line":202,"column":3}},"56":{"start":{"line":197,"column":2},"end":{"line":197,"column":43}},"57":{"start":{"line":198,"column":2},"end":{"line":201,"column":5}},"58":{"start":{"line":208,"column":2},"end":{"line":208,"column":45}},"59":{"start":{"line":214,"column":0},"end":{"line":227,"column":3}},"60":{"start":{"line":215,"column":2},"end":{"line":215,"column":46}},"61":{"start":{"line":217,"column":2},"end":{"line":222,"column":5}},"62":{"start":{"line":218,"column":4},"end":{"line":221,"column":5}},"63":{"start":{"line":219,"column":6},"end":{"line":219,"column":33}},"64":{"start":{"line":220,"column":6},"end":{"line":220,"column":84}},"65":{"start":{"line":224,"column":2},"end":{"line":226,"column":5}},"66":{"start":{"line":225,"column":4},"end":{"line":225,"column":51}},"67":{"start":{"line":229,"column":13},"end":{"line":229,"column":37}},"68":{"start":{"line":232,"column":0},"end":{"line":237,"column":1}},"69":{"start":{"line":233,"column":2},"end":{"line":236,"column":5}},"70":{"start":{"line":234,"column":4},"end":{"line":234,"column":73}},"71":{"start":{"line":235,"column":4},"end":{"line":235,"column":67}},"72":{"start":{"line":240,"column":0},"end":{"line":240,"column":33}}},"fnMap":{"0":{"name":"(anonymous_0)","decl":{"start":{"line":36,"column":19},"end":{"line":36,"column":20}},"loc":{"start":{"line":36,"column":33},"end":{"line":42,"column":1}},"line":36},"1":{"name":"(anonymous_1)","decl":{"start":{"line":48,"column":40},"end":{"line":48,"column":41}},"loc":{"start":{"line":48,"column":60},"end":{"line":158,"column":1}},"line":48},"2":{"name":"(anonymous_2)","decl":{"start":{"line":104,"column":15},"end":{"line":104,"column":16}},"loc":{"start":{"line":104,"column":27},"end":{"line":149,"column":5}},"line":104},"3":{"name":"(anonymous_3)","decl":{"start":{"line":163,"column":34},"end":{"line":163,"column":35}},"loc":{"start":{"line":163,"column":48},"end":{"line":181,"column":1}},"line":163},"4":{"name":"(anonymous_4)","decl":{"start":{"line":186,"column":8},"end":{"line":186,"column":9}},"loc":{"start":{"line":186,"column":22},"end":{"line":191,"column":1}},"line":186},"5":{"name":"(anonymous_5)","decl":{"start":{"line":196,"column":8},"end":{"line":196,"column":9}},"loc":{"start":{"line":196,"column":35},"end":{"line":202,"column":1}},"line":196},"6":{"name":"isValidEthereumAddress","decl":{"start":{"line":207,"column":9},"end":{"line":207,"column":31}},"loc":{"start":{"line":207,"column":41},"end":{"line":209,"column":1}},"line":207},"7":{"name":"(anonymous_7)","decl":{"start":{"line":214,"column":20},"end":{"line":214,"column":21}},"loc":{"start":{"line":214,"column":32},"end":{"line":227,"column":1}},"line":214},"8":{"name":"(anonymous_8)","decl":{"start":{"line":217,"column":25},"end":{"line":217,"column":26}},"loc":{"start":{"line":217,"column":44},"end":{"line":222,"column":3}},"line":217},"9":{"name":"(anonymous_9)","decl":{"start":{"line":224,"column":26},"end":{"line":224,"column":27}},"loc":{"start":{"line":224,"column":32},"end":{"line":226,"column":3}},"line":224},"10":{"name":"(anonymous_10)","decl":{"start":{"line":233,"column":22},"end":{"line":233,"column":23}},"loc":{"start":{"line":233,"column":28},"end":{"line":236,"column":3}},"line":233}},"branchMap":{"0":{"loc":{"start":{"line":53,"column":4},"end":{"line":58,"column":5}},"type":"if","locations":[{"start":{"line":53,"column":4},"end":{"line":58,"column":5}},{"start":{},"end":{}}],"line":53},"1":{"loc":{"start":{"line":60,"column":4},"end":{"line":65,"column":5}},"type":"if","locations":[{"start":{"line":60,"column":4},"end":{"line":65,"column":5}},{"start":{},"end":{}}],"line":60},"2":{"loc":{"start":{"line":68,"column":4},"end":{"line":73,"column":5}},"type":"if","locations":[{"start":{"line":68,"column":4},"end":{"line":73,"column":5}},{"start":{},"end":{}}],"line":68},"3":{"loc":{"start":{"line":76,"column":4},"end":{"line":81,"column":5}},"type":"if","locations":[{"start":{"line":76,"column":4},"end":{"line":81,"column":5}},{"start":{},"end":{}}],"line":76},"4":{"loc":{"start":{"line":111,"column":8},"end":{"line":135,"column":9}},"type":"if","locations":[{"start":{"line":111,"column":8},"end":{"line":135,"column":9}},{"start":{"line":123,"column":15},"end":{"line":135,"column":9}}],"line":111},"5":{"loc":{"start":{"line":167,"column":2},"end":{"line":172,"column":3}},"type":"if","locations":[{"start":{"line":167,"column":2},"end":{"line":172,"column":3}},{"start":{},"end":{}}],"line":167},"6":{"loc":{"start":{"line":174,"column":17},"end":{"line":174,"column":62}},"type":"binary-expr","locations":[{"start":{"line":174,"column":17},"end":{"line":174,"column":52}},{"start":{"line":174,"column":56},"end":{"line":174,"column":62}}],"line":174},"7":{"loc":{"start":{"line":218,"column":4},"end":{"line":221,"column":5}},"type":"if","locations":[{"start":{"line":218,"column":4},"end":{"line":221,"column":5}},{"start":{},"end":{}}],"line":218},"8":{"loc":{"start":{"line":229,"column":13},"end":{"line":229,"column":37}},"type":"binary-expr","locations":[{"start":{"line":229,"column":13},"end":{"line":229,"column":29}},{"start":{"line":229,"column":33},"end":{"line":229,"column":37}}],"line":229},"9":{"loc":{"start":{"line":232,"column":0},"end":{"line":237,"column":1}},"type":"if","locations":[{"start":{"line":232,"column":0},"end":{"line":237,"column":1}},{"start":{},"end":{}}],"line":232}},"s":{"0":1,"1":1,"2":1,"3":1,"4":1,"5":1,"6":1,"7":1,"8":1,"9":1,"10":1,"11":1,"12":1,"13":1,"14":1,"15":1,"16":1,"17":6,"18":6,"19":6,"20":1,"21":5,"22":1,"23":4,"24":1,"25":3,"26":1,"27":2,"28":2,"29":2,"30":2,"31":2,"32":0,"33":0,"34":0,"35":0,"36":0,"37":0,"38":0,"39":0,"40":0,"41":0,"42":0,"43":0,"44":0,"45":0,"46":0,"47":1,"48":2,"49":2,"50":1,"51":1,"52":1,"53":1,"54":1,"55":1,"56":0,"57":0,"58":6,"59":1,"60":0,"61":0,"62":0,"63":0,"64":0,"65":0,"66":0,"67":1,"68":1,"69":0,"70":0,"71":0,"72":1},"f":{"0":1,"1":6,"2":0,"3":2,"4":1,"5":0,"6":6,"7":0,"8":0,"9":0,"10":0},"b":{"0":[1,5],"1":[1,4],"2":[1,3],"3":[1,2],"4":[0,0],"5":[1,1],"6":[1,0],"7":[0,0],"8":[1,1],"9":[0,1]},"_coverageSchema":"1a1c01bbd47fc00a2c39e90264f33305004495a9","hash":"528cd1d707bef8c150f08521bcdfb179f0ef63cb"}
,"/Users/kamallaungani/Documents/VSCode/death-note/backend/services/contractService.js": {"path":"/Users/kamallaungani/Documents/VSCode/death-note/backend/services/contractService.js","statementMap":{"0":{"start":{"line":1,"column":19},"end":{"line":1,"column":36}},"1":{"start":{"line":2,"column":11},"end":{"line":2,"column":24}},"2":{"start":{"line":3,"column":13},"end":{"line":3,"column":28}},"3":{"start":{"line":12,"column":4},"end":{"line":12,"column":25}},"4":{"start":{"line":13,"column":4},"end":{"line":13,"column":23}},"5":{"start":{"line":14,"column":4},"end":{"line":14,"column":42}},"6":{"start":{"line":15,"column":4},"end":{"line":15,"column":34}},"7":{"start":{"line":16,"column":4},"end":{"line":16,"column":34}},"8":{"start":{"line":17,"column":4},"end":{"line":17,"column":31}},"9":{"start":{"line":24,"column":4},"end":{"line":73,"column":5}},"10":{"start":{"line":26,"column":6},"end":{"line":26,"column":74}},"11":{"start":{"line":29,"column":28},"end":{"line":29,"column":77}},"12":{"start":{"line":30,"column":6},"end":{"line":38,"column":7}},"13":{"start":{"line":31,"column":8},"end":{"line":31,"column":84}},"14":{"start":{"line":33,"column":8},"end":{"line":33,"column":84}},"15":{"start":{"line":34,"column":8},"end":{"line":37,"column":10}},"16":{"start":{"line":41,"column":23},"end":{"line":41,"column":57}},"17":{"start":{"line":42,"column":6},"end":{"line":48,"column":7}},"18":{"start":{"line":43,"column":8},"end":{"line":43,"column":34}},"19":{"start":{"line":46,"column":27},"end":{"line":46,"column":95}},"20":{"start":{"line":47,"column":8},"end":{"line":47,"column":67}},"21":{"start":{"line":51,"column":35},"end":{"line":51,"column":76}},"22":{"start":{"line":52,"column":27},"end":{"line":52,"column":60}},"23":{"start":{"line":55,"column":6},"end":{"line":59,"column":8}},"24":{"start":{"line":61,"column":6},"end":{"line":65,"column":8}},"25":{"start":{"line":67,"column":6},"end":{"line":67,"column":32}},"26":{"start":{"line":68,"column":6},"end":{"line":68,"column":63}},"27":{"start":{"line":71,"column":6},"end":{"line":71,"column":69}},"28":{"start":{"line":72,"column":6},"end":{"line":72,"column":18}},"29":{"start":{"line":80,"column":4},"end":{"line":88,"column":5}},"30":{"start":{"line":81,"column":28},"end":{"line":81,"column":128}},"31":{"start":{"line":82,"column":23},"end":{"line":82,"column":73}},"32":{"start":{"line":83,"column":6},"end":{"line":83,"column":26}},"33":{"start":{"line":85,"column":6},"end":{"line":85,"column":70}},"34":{"start":{"line":87,"column":6},"end":{"line":87,"column":16}},"35":{"start":{"line":96,"column":4},"end":{"line":174,"column":5}},"36":{"start":{"line":97,"column":6},"end":{"line":99,"column":7}},"37":{"start":{"line":98,"column":8},"end":{"line":98,"column":26}},"38":{"start":{"line":102,"column":6},"end":{"line":104,"column":7}},"39":{"start":{"line":103,"column":8},"end":{"line":103,"column":67}},"40":{"start":{"line":107,"column":24},"end":{"line":107,"column":75}},"41":{"start":{"line":108,"column":6},"end":{"line":113,"column":7}},"42":{"start":{"line":109,"column":8},"end":{"line":112,"column":10}},"43":{"start":{"line":116,"column":22},"end":{"line":116,"column":75}},"44":{"start":{"line":117,"column":6},"end":{"line":122,"column":7}},"45":{"start":{"line":118,"column":8},"end":{"line":121,"column":10}},"46":{"start":{"line":126,"column":6},"end":{"line":143,"column":7}},"47":{"start":{"line":129,"column":25},"end":{"line":129,"column":59}},"48":{"start":{"line":130,"column":8},"end":{"line":137,"column":9}},"49":{"start":{"line":130,"column":30},"end":{"line":130,"column":45}},"50":{"start":{"line":131,"column":10},"end":{"line":131,"column":66}},"51":{"start":{"line":133,"column":10},"end":{"line":136,"column":12}},"52":{"start":{"line":139,"column":8},"end":{"line":142,"column":10}},"53":{"start":{"line":146,"column":36},"end":{"line":146,"column":90}},"54":{"start":{"line":147,"column":30},"end":{"line":147,"column":76}},"55":{"start":{"line":150,"column":24},"end":{"line":150,"column":109}},"56":{"start":{"line":151,"column":6},"end":{"line":156,"column":7}},"57":{"start":{"line":152,"column":8},"end":{"line":155,"column":10}},"58":{"start":{"line":159,"column":17},"end":{"line":159,"column":97}},"59":{"start":{"line":160,"column":22},"end":{"line":160,"column":37}},"60":{"start":{"line":162,"column":6},"end":{"line":167,"column":8}},"61":{"start":{"line":169,"column":6},"end":{"line":169,"column":60}},"62":{"start":{"line":170,"column":6},"end":{"line":173,"column":8}},"63":{"start":{"line":181,"column":4},"end":{"line":198,"column":5}},"64":{"start":{"line":182,"column":6},"end":{"line":184,"column":7}},"65":{"start":{"line":183,"column":8},"end":{"line":183,"column":26}},"66":{"start":{"line":186,"column":24},"end":{"line":186,"column":75}},"67":{"start":{"line":187,"column":6},"end":{"line":190,"column":8}},"68":{"start":{"line":193,"column":6},"end":{"line":193,"column":55}},"69":{"start":{"line":194,"column":6},"end":{"line":197,"column":8}},"70":{"start":{"line":205,"column":4},"end":{"line":222,"column":5}},"71":{"start":{"line":206,"column":6},"end":{"line":208,"column":7}},"72":{"start":{"line":207,"column":8},"end":{"line":207,"column":26}},"73":{"start":{"line":210,"column":20},"end":{"line":210,"column":67}},"74":{"start":{"line":211,"column":6},"end":{"line":214,"column":8}},"75":{"start":{"line":217,"column":6},"end":{"line":217,"column":51}},"76":{"start":{"line":218,"column":6},"end":{"line":221,"column":8}},"77":{"start":{"line":229,"column":4},"end":{"line":246,"column":5}},"78":{"start":{"line":230,"column":6},"end":{"line":232,"column":7}},"79":{"start":{"line":231,"column":8},"end":{"line":231,"column":26}},"80":{"start":{"line":234,"column":24},"end":{"line":234,"column":74}},"81":{"start":{"line":235,"column":6},"end":{"line":238,"column":8}},"82":{"start":{"line":241,"column":6},"end":{"line":241,"column":61}},"83":{"start":{"line":242,"column":6},"end":{"line":245,"column":8}},"84":{"start":{"line":253,"column":4},"end":{"line":270,"column":5}},"85":{"start":{"line":254,"column":6},"end":{"line":256,"column":7}},"86":{"start":{"line":255,"column":8},"end":{"line":255,"column":26}},"87":{"start":{"line":258,"column":22},"end":{"line":258,"column":75}},"88":{"start":{"line":259,"column":6},"end":{"line":262,"column":8}},"89":{"start":{"line":265,"column":6},"end":{"line":265,"column":59}},"90":{"start":{"line":266,"column":6},"end":{"line":269,"column":8}},"91":{"start":{"line":275,"column":24},"end":{"line":275,"column":45}},"92":{"start":{"line":277,"column":0},"end":{"line":277,"column":33}}},"fnMap":{"0":{"name":"(anonymous_0)","decl":{"start":{"line":11,"column":2},"end":{"line":11,"column":3}},"loc":{"start":{"line":11,"column":16},"end":{"line":18,"column":3}},"line":11},"1":{"name":"(anonymous_1)","decl":{"start":{"line":23,"column":2},"end":{"line":23,"column":3}},"loc":{"start":{"line":23,"column":15},"end":{"line":74,"column":3}},"line":23},"2":{"name":"(anonymous_2)","decl":{"start":{"line":79,"column":2},"end":{"line":79,"column":3}},"loc":{"start":{"line":79,"column":32},"end":{"line":89,"column":3}},"line":79},"3":{"name":"(anonymous_3)","decl":{"start":{"line":95,"column":2},"end":{"line":95,"column":3}},"loc":{"start":{"line":95,"column":42},"end":{"line":175,"column":3}},"line":95},"4":{"name":"(anonymous_4)","decl":{"start":{"line":130,"column":25},"end":{"line":130,"column":26}},"loc":{"start":{"line":130,"column":30},"end":{"line":130,"column":45}},"line":130},"5":{"name":"(anonymous_5)","decl":{"start":{"line":180,"column":2},"end":{"line":180,"column":3}},"loc":{"start":{"line":180,"column":36},"end":{"line":199,"column":3}},"line":180},"6":{"name":"(anonymous_6)","decl":{"start":{"line":204,"column":2},"end":{"line":204,"column":3}},"loc":{"start":{"line":204,"column":19},"end":{"line":223,"column":3}},"line":204},"7":{"name":"(anonymous_7)","decl":{"start":{"line":228,"column":2},"end":{"line":228,"column":3}},"loc":{"start":{"line":228,"column":22},"end":{"line":247,"column":3}},"line":228},"8":{"name":"(anonymous_8)","decl":{"start":{"line":252,"column":2},"end":{"line":252,"column":3}},"loc":{"start":{"line":252,"column":39},"end":{"line":271,"column":3}},"line":252}},"branchMap":{"0":{"loc":{"start":{"line":30,"column":6},"end":{"line":38,"column":7}},"type":"if","locations":[{"start":{"line":30,"column":6},"end":{"line":38,"column":7}},{"start":{"line":32,"column":13},"end":{"line":38,"column":7}}],"line":30},"1":{"loc":{"start":{"line":42,"column":6},"end":{"line":48,"column":7}},"type":"if","locations":[{"start":{"line":42,"column":6},"end":{"line":48,"column":7}},{"start":{"line":44,"column":13},"end":{"line":48,"column":7}}],"line":42},"2":{"loc":{"start":{"line":97,"column":6},"end":{"line":99,"column":7}},"type":"if","locations":[{"start":{"line":97,"column":6},"end":{"line":99,"column":7}},{"start":{},"end":{}}],"line":97},"3":{"loc":{"start":{"line":102,"column":6},"end":{"line":104,"column":7}},"type":"if","locations":[{"start":{"line":102,"column":6},"end":{"line":104,"column":7}},{"start":{},"end":{}}],"line":102},"4":{"loc":{"start":{"line":108,"column":6},"end":{"line":113,"column":7}},"type":"if","locations":[{"start":{"line":108,"column":6},"end":{"line":113,"column":7}},{"start":{},"end":{}}],"line":108},"5":{"loc":{"start":{"line":117,"column":6},"end":{"line":122,"column":7}},"type":"if","locations":[{"start":{"line":117,"column":6},"end":{"line":122,"column":7}},{"start":{},"end":{}}],"line":117},"6":{"loc":{"start":{"line":130,"column":8},"end":{"line":137,"column":9}},"type":"if","locations":[{"start":{"line":130,"column":8},"end":{"line":137,"column":9}},{"start":{"line":132,"column":15},"end":{"line":137,"column":9}}],"line":130},"7":{"loc":{"start":{"line":151,"column":6},"end":{"line":156,"column":7}},"type":"if","locations":[{"start":{"line":151,"column":6},"end":{"line":156,"column":7}},{"start":{},"end":{}}],"line":151},"8":{"loc":{"start":{"line":172,"column":15},"end":{"line":172,"column":63}},"type":"binary-expr","locations":[{"start":{"line":172,"column":15},"end":{"line":172,"column":28}},{"start":{"line":172,"column":32},"end":{"line":172,"column":63}}],"line":172},"9":{"loc":{"start":{"line":182,"column":6},"end":{"line":184,"column":7}},"type":"if","locations":[{"start":{"line":182,"column":6},"end":{"line":184,"column":7}},{"start":{},"end":{}}],"line":182},"10":{"loc":{"start":{"line":196,"column":15},"end":{"line":196,"column":57}},"type":"binary-expr","locations":[{"start":{"line":196,"column":15},"end":{"line":196,"column":28}},{"start":{"line":196,"column":32},"end":{"line":196,"column":57}}],"line":196},"11":{"loc":{"start":{"line":206,"column":6},"end":{"line":208,"column":7}},"type":"if","locations":[{"start":{"line":206,"column":6},"end":{"line":208,"column":7}},{"start":{},"end":{}}],"line":206},"12":{"loc":{"start":{"line":220,"column":15},"end":{"line":220,"column":53}},"type":"binary-expr","locations":[{"start":{"line":220,"column":15},"end":{"line":220,"column":28}},{"start":{"line":220,"column":32},"end":{"line":220,"column":53}}],"line":220},"13":{"loc":{"start":{"line":230,"column":6},"end":{"line":232,"column":7}},"type":"if","locations":[{"start":{"line":230,"column":6},"end":{"line":232,"column":7}},{"start":{},"end":{}}],"line":230},"14":{"loc":{"start":{"line":244,"column":15},"end":{"line":244,"column":64}},"type":"binary-expr","locations":[{"start":{"line":244,"column":15},"end":{"line":244,"column":28}},{"start":{"line":244,"column":32},"end":{"line":244,"column":64}}],"line":244},"15":{"loc":{"start":{"line":254,"column":6},"end":{"line":256,"column":7}},"type":"if","locations":[{"start":{"line":254,"column":6},"end":{"line":256,"column":7}},{"start":{},"end":{}}],"line":254},"16":{"loc":{"start":{"line":268,"column":15},"end":{"line":268,"column":61}},"type":"binary-expr","locations":[{"start":{"line":268,"column":15},"end":{"line":268,"column":28}},{"start":{"line":268,"column":32},"end":{"line":268,"column":61}}],"line":268}},"s":{"0":1,"1":1,"2":1,"3":1,"4":1,"5":1,"6":1,"7":1,"8":1,"9":0,"10":0,"11":0,"12":0,"13":0,"14":0,"15":0,"16":0,"17":0,"18":0,"19":0,"20":0,"21":0,"22":0,"23":0,"24":0,"25":0,"26":0,"27":0,"28":0,"29":0,"30":0,"31":0,"32":0,"33":0,"34":0,"35":0,"36":0,"37":0,"38":0,"39":0,"40":0,"41":0,"42":0,"43":0,"44":0,"45":0,"46":0,"47":0,"48":0,"49":0,"50":0,"51":0,"52":0,"53":0,"54":0,"55":0,"56":0,"57":0,"58":0,"59":0,"60":0,"61":0,"62":0,"63":0,"64":0,"65":0,"66":0,"67":0,"68":0,"69":0,"70":0,"71":0,"72":0,"73":0,"74":0,"75":0,"76":0,"77":0,"78":0,"79":0,"80":0,"81":0,"82":0,"83":0,"84":0,"85":0,"86":0,"87":0,"88":0,"89":0,"90":0,"91":1,"92":1},"f":{"0":1,"1":0,"2":0,"3":0,"4":0,"5":0,"6":0,"7":0,"8":0},"b":{"0":[0,0],"1":[0,0],"2":[0,0],"3":[0,0],"4":[0,0],"5":[0,0],"6":[0,0],"7":[0,0],"8":[0,0],"9":[0,0],"10":[0,0],"11":[0,0],"12":[0,0],"13":[0,0],"14":[0,0],"15":[0,0],"16":[0,0]},"_coverageSchema":"1a1c01bbd47fc00a2c39e90264f33305004495a9","hash":"4a702a001078a053212b2c3d9c3538ef045a452c"}
,"/Users/kamallaungani/Documents/VSCode/death-note/backend/services/websocketService.js": {"path":"/Users/kamallaungani/Documents/VSCode/death-note/backend/services/websocketService.js","statementMap":{"0":{"start":{"line":8,"column":4},"end":{"line":8,"column":19}},"1":{"start":{"line":9,"column":4},"end":{"line":9,"column":31}},"2":{"start":{"line":16,"column":4},"end":{"line":16,"column":17}},"3":{"start":{"line":17,"column":4},"end":{"line":17,"column":30}},"4":{"start":{"line":18,"column":4},"end":{"line":18,"column":49}},"5":{"start":{"line":25,"column":4},"end":{"line":28,"column":5}},"6":{"start":{"line":26,"column":6},"end":{"line":26,"column":56}},"7":{"start":{"line":27,"column":6},"end":{"line":27,"column":13}},"8":{"start":{"line":30,"column":4},"end":{"line":40,"column":5}},"9":{"start":{"line":32,"column":6},"end":{"line":35,"column":9}},"10":{"start":{"line":37,"column":6},"end":{"line":37,"column":71}},"11":{"start":{"line":39,"column":6},"end":{"line":39,"column":57}},"12":{"start":{"line":47,"column":4},"end":{"line":50,"column":5}},"13":{"start":{"line":48,"column":6},"end":{"line":48,"column":56}},"14":{"start":{"line":49,"column":6},"end":{"line":49,"column":13}},"15":{"start":{"line":52,"column":4},"end":{"line":57,"column":5}},"16":{"start":{"line":53,"column":6},"end":{"line":53,"column":49}},"17":{"start":{"line":54,"column":6},"end":{"line":54,"column":78}},"18":{"start":{"line":56,"column":6},"end":{"line":56,"column":63}},"19":{"start":{"line":64,"column":4},"end":{"line":67,"column":5}},"20":{"start":{"line":65,"column":6},"end":{"line":65,"column":56}},"21":{"start":{"line":66,"column":6},"end":{"line":66,"column":13}},"22":{"start":{"line":69,"column":4},"end":{"line":74,"column":5}},"23":{"start":{"line":70,"column":6},"end":{"line":70,"column":36}},"24":{"start":{"line":71,"column":6},"end":{"line":71,"column":76}},"25":{"start":{"line":73,"column":6},"end":{"line":73,"column":65}},"26":{"start":{"line":81,"column":4},"end":{"line":83,"column":5}},"27":{"start":{"line":82,"column":6},"end":{"line":82,"column":15}},"28":{"start":{"line":85,"column":4},"end":{"line":85,"column":39}},"29":{"start":{"line":92,"column":4},"end":{"line":94,"column":5}},"30":{"start":{"line":93,"column":6},"end":{"line":93,"column":16}},"31":{"start":{"line":96,"column":4},"end":{"line":102,"column":5}},"32":{"start":{"line":97,"column":19},"end":{"line":97,"column":67}},"33":{"start":{"line":98,"column":6},"end":{"line":98,"column":42}},"34":{"start":{"line":100,"column":6},"end":{"line":100,"column":61}},"35":{"start":{"line":101,"column":6},"end":{"line":101,"column":16}},"36":{"start":{"line":107,"column":25},"end":{"line":107,"column":47}},"37":{"start":{"line":109,"column":0},"end":{"line":109,"column":34}}},"fnMap":{"0":{"name":"(anonymous_0)","decl":{"start":{"line":7,"column":2},"end":{"line":7,"column":3}},"loc":{"start":{"line":7,"column":16},"end":{"line":10,"column":3}},"line":7},"1":{"name":"(anonymous_1)","decl":{"start":{"line":15,"column":2},"end":{"line":15,"column":3}},"loc":{"start":{"line":15,"column":11},"end":{"line":19,"column":3}},"line":15},"2":{"name":"(anonymous_2)","decl":{"start":{"line":24,"column":2},"end":{"line":24,"column":3}},"loc":{"start":{"line":24,"column":45},"end":{"line":41,"column":3}},"line":24},"3":{"name":"(anonymous_3)","decl":{"start":{"line":46,"column":2},"end":{"line":46,"column":3}},"loc":{"start":{"line":46,"column":42},"end":{"line":58,"column":3}},"line":46},"4":{"name":"(anonymous_4)","decl":{"start":{"line":63,"column":2},"end":{"line":63,"column":3}},"loc":{"start":{"line":63,"column":34},"end":{"line":75,"column":3}},"line":63},"5":{"name":"(anonymous_5)","decl":{"start":{"line":80,"column":2},"end":{"line":80,"column":3}},"loc":{"start":{"line":80,"column":29},"end":{"line":86,"column":3}},"line":80},"6":{"name":"(anonymous_6)","decl":{"start":{"line":91,"column":2},"end":{"line":91,"column":3}},"loc":{"start":{"line":91,"column":34},"end":{"line":103,"column":3}},"line":91}},"branchMap":{"0":{"loc":{"start":{"line":25,"column":4},"end":{"line":28,"column":5}},"type":"if","locations":[{"start":{"line":25,"column":4},"end":{"line":28,"column":5}},{"start":{},"end":{}}],"line":25},"1":{"loc":{"start":{"line":47,"column":4},"end":{"line":50,"column":5}},"type":"if","locations":[{"start":{"line":47,"column":4},"end":{"line":50,"column":5}},{"start":{},"end":{}}],"line":47},"2":{"loc":{"start":{"line":64,"column":4},"end":{"line":67,"column":5}},"type":"if","locations":[{"start":{"line":64,"column":4},"end":{"line":67,"column":5}},{"start":{},"end":{}}],"line":64},"3":{"loc":{"start":{"line":81,"column":4},"end":{"line":83,"column":5}},"type":"if","locations":[{"start":{"line":81,"column":4},"end":{"line":83,"column":5}},{"start":{},"end":{}}],"line":81},"4":{"loc":{"start":{"line":92,"column":4},"end":{"line":94,"column":5}},"type":"if","locations":[{"start":{"line":92,"column":4},"end":{"line":94,"column":5}},{"start":{},"end":{}}],"line":92},"5":{"loc":{"start":{"line":98,"column":13},"end":{"line":98,"column":41}},"type":"cond-expr","locations":[{"start":{"line":98,"column":20},"end":{"line":98,"column":36}},{"start":{"line":98,"column":39},"end":{"line":98,"column":41}}],"line":98}},"s":{"0":1,"1":1,"2":1,"3":1,"4":1,"5":2,"6":0,"7":0,"8":2,"9":2,"10":2,"11":0,"12":0,"13":0,"14":0,"15":0,"16":0,"17":0,"18":0,"19":0,"20":0,"21":0,"22":0,"23":0,"24":0,"25":0,"26":0,"27":0,"28":0,"29":0,"30":0,"31":0,"32":0,"33":0,"34":0,"35":0,"36":1,"37":1},"f":{"0":1,"1":1,"2":2,"3":0,"4":0,"5":0,"6":0},"b":{"0":[0,2],"1":[0,0],"2":[0,0],"3":[0,0],"4":[0,0],"5":[0,0]},"_coverageSchema":"1a1c01bbd47fc00a2c39e90264f33305004495a9","hash":"4c0224d364b92d1b09b88e6109146198dcadf666"}
}
