TN:
SF:server.js
FN:36,(anonymous_0)
FN:48,(anonymous_1)
FN:104,(anonymous_2)
FN:163,(anonymous_3)
FN:186,(anonymous_4)
FN:196,(anonymous_5)
FN:207,isValidEthereumAddress
FN:214,(anonymous_7)
FN:217,(anonymous_8)
FN:224,(anonymous_9)
FN:233,(anonymous_10)
FNF:11
FNH:5
FNDA:1,(anonymous_0)
FNDA:6,(anonymous_1)
FNDA:0,(anonymous_2)
FNDA:2,(anonymous_3)
FNDA:1,(anonymous_4)
FNDA:0,(anonymous_5)
FNDA:6,isValidEthereumAddress
FNDA:0,(anonymous_7)
FNDA:0,(anonymous_8)
FNDA:0,(anonymous_9)
FNDA:0,(anonymous_10)
DA:1,1
DA:2,1
DA:3,1
DA:4,1
DA:5,1
DA:6,1
DA:7,1
DA:14,1
DA:15,1
DA:16,1
DA:24,1
DA:25,1
DA:28,1
DA:31,1
DA:36,1
DA:37,1
DA:48,1
DA:49,6
DA:50,6
DA:53,6
DA:54,1
DA:60,5
DA:61,1
DA:68,4
DA:69,1
DA:76,3
DA:77,1
DA:84,2
DA:87,2
DA:95,2
DA:102,2
DA:104,2
DA:105,0
DA:107,0
DA:109,0
DA:111,0
DA:112,0
DA:115,0
DA:122,0
DA:124,0
DA:127,0
DA:134,0
DA:137,0
DA:140,0
DA:147,0
DA:152,0
DA:153,0
DA:163,1
DA:164,2
DA:167,2
DA:168,1
DA:174,1
DA:176,1
DA:186,1
DA:187,1
DA:196,1
DA:197,0
DA:198,0
DA:208,6
DA:214,1
DA:215,0
DA:217,0
DA:218,0
DA:219,0
DA:220,0
DA:224,0
DA:225,0
DA:229,1
DA:232,1
DA:233,0
DA:234,0
DA:235,0
DA:240,1
LF:73
LH:46
BRDA:53,0,0,1
BRDA:53,0,1,5
BRDA:60,1,0,1
BRDA:60,1,1,4
BRDA:68,2,0,1
BRDA:68,2,1,3
BRDA:76,3,0,1
BRDA:76,3,1,2
BRDA:111,4,0,0
BRDA:111,4,1,0
BRDA:167,5,0,1
BRDA:167,5,1,1
BRDA:174,6,0,1
BRDA:174,6,1,0
BRDA:218,7,0,0
BRDA:218,7,1,0
BRDA:229,8,0,1
BRDA:229,8,1,1
BRDA:232,9,0,0
BRDA:232,9,1,1
BRF:20
BRH:14
end_of_record
TN:
SF:services/contractService.js
FN:11,(anonymous_0)
FN:23,(anonymous_1)
FN:79,(anonymous_2)
FN:95,(anonymous_3)
FN:130,(anonymous_4)
FN:180,(anonymous_5)
FN:204,(anonymous_6)
FN:228,(anonymous_7)
FN:252,(anonymous_8)
FNF:9
FNH:1
FNDA:1,(anonymous_0)
FNDA:0,(anonymous_1)
FNDA:0,(anonymous_2)
FNDA:0,(anonymous_3)
FNDA:0,(anonymous_4)
FNDA:0,(anonymous_5)
FNDA:0,(anonymous_6)
FNDA:0,(anonymous_7)
FNDA:0,(anonymous_8)
DA:1,1
DA:2,1
DA:3,1
DA:12,1
DA:13,1
DA:14,1
DA:15,1
DA:16,1
DA:17,1
DA:24,0
DA:26,0
DA:29,0
DA:30,0
DA:31,0
DA:33,0
DA:34,0
DA:41,0
DA:42,0
DA:43,0
DA:46,0
DA:47,0
DA:51,0
DA:52,0
DA:55,0
DA:61,0
DA:67,0
DA:68,0
DA:71,0
DA:72,0
DA:80,0
DA:81,0
DA:82,0
DA:83,0
DA:85,0
DA:87,0
DA:96,0
DA:97,0
DA:98,0
DA:102,0
DA:103,0
DA:107,0
DA:108,0
DA:109,0
DA:116,0
DA:117,0
DA:118,0
DA:126,0
DA:129,0
DA:130,0
DA:131,0
DA:133,0
DA:139,0
DA:146,0
DA:147,0
DA:150,0
DA:151,0
DA:152,0
DA:159,0
DA:160,0
DA:162,0
DA:169,0
DA:170,0
DA:181,0
DA:182,0
DA:183,0
DA:186,0
DA:187,0
DA:193,0
DA:194,0
DA:205,0
DA:206,0
DA:207,0
DA:210,0
DA:211,0
DA:217,0
DA:218,0
DA:229,0
DA:230,0
DA:231,0
DA:234,0
DA:235,0
DA:241,0
DA:242,0
DA:253,0
DA:254,0
DA:255,0
DA:258,0
DA:259,0
DA:265,0
DA:266,0
DA:275,1
DA:277,1
LF:92
LH:11
BRDA:30,0,0,0
BRDA:30,0,1,0
BRDA:42,1,0,0
BRDA:42,1,1,0
BRDA:97,2,0,0
BRDA:97,2,1,0
BRDA:102,3,0,0
BRDA:102,3,1,0
BRDA:108,4,0,0
BRDA:108,4,1,0
BRDA:117,5,0,0
BRDA:117,5,1,0
BRDA:130,6,0,0
BRDA:130,6,1,0
BRDA:151,7,0,0
BRDA:151,7,1,0
BRDA:172,8,0,0
BRDA:172,8,1,0
BRDA:182,9,0,0
BRDA:182,9,1,0
BRDA:196,10,0,0
BRDA:196,10,1,0
BRDA:206,11,0,0
BRDA:206,11,1,0
BRDA:220,12,0,0
BRDA:220,12,1,0
BRDA:230,13,0,0
BRDA:230,13,1,0
BRDA:244,14,0,0
BRDA:244,14,1,0
BRDA:254,15,0,0
BRDA:254,15,1,0
BRDA:268,16,0,0
BRDA:268,16,1,0
BRF:34
BRH:0
end_of_record
TN:
SF:services/websocketService.js
FN:7,(anonymous_0)
FN:15,(anonymous_1)
FN:24,(anonymous_2)
FN:46,(anonymous_3)
FN:63,(anonymous_4)
FN:80,(anonymous_5)
FN:91,(anonymous_6)
FNF:7
FNH:3
FNDA:1,(anonymous_0)
FNDA:1,(anonymous_1)
FNDA:2,(anonymous_2)
FNDA:0,(anonymous_3)
FNDA:0,(anonymous_4)
FNDA:0,(anonymous_5)
FNDA:0,(anonymous_6)
DA:8,1
DA:9,1
DA:16,1
DA:17,1
DA:18,1
DA:25,2
DA:26,0
DA:27,0
DA:30,2
DA:32,2
DA:37,2
DA:39,0
DA:47,0
DA:48,0
DA:49,0
DA:52,0
DA:53,0
DA:54,0
DA:56,0
DA:64,0
DA:65,0
DA:66,0
DA:69,0
DA:70,0
DA:71,0
DA:73,0
DA:81,0
DA:82,0
DA:85,0
DA:92,0
DA:93,0
DA:96,0
DA:97,0
DA:98,0
DA:100,0
DA:101,0
DA:107,1
DA:109,1
LF:38
LH:11
BRDA:25,0,0,0
BRDA:25,0,1,2
BRDA:47,1,0,0
BRDA:47,1,1,0
BRDA:64,2,0,0
BRDA:64,2,1,0
BRDA:81,3,0,0
BRDA:81,3,1,0
BRDA:92,4,0,0
BRDA:92,4,1,0
BRDA:98,5,0,0
BRDA:98,5,1,0
BRF:12
BRH:1
end_of_record
