TN:
SF:/Users/kamallaungani/Documents/VSCode/death-note/contracts/contracts/CryptoInheritance.sol
FN:25,notTriggered
FN:33,constructor
FN:41,nominateInheritor
FN:51,cancelNomination
FN:60,triggerInheritance
FN:79,getInheritor
FN:87,getOwner
FN:94,pause
FN:101,unpause
FNF:9
FNH:9
FNDA:7,notTriggered
FNDA:23,constructor
FNDA:18,nominateInheritor
FNDA:2,cancelNomination
FNDA:6,triggerInheritance
FNDA:1,getInheritor
FNDA:1,getOwner
FNDA:2,pause
FNDA:1,unpause
DA:26,7
DA:27,6
DA:34,23
DA:42,18
DA:44,17
DA:45,17
DA:52,2
DA:53,2
DA:61,6
DA:63,5
DA:64,5
DA:66,5
DA:69,5
DA:71,5
DA:72,5
DA:80,1
DA:88,1
DA:95,2
DA:102,1
LF:19
LH:19
BRDA:26,1,0,6
BRDA:26,1,1,1
BRDA:41,2,0,18
BRDA:41,2,1,1
BRDA:41,3,0,18
BRDA:41,3,1,0
BRDA:42,4,0,17
BRDA:42,4,1,1
BRDA:51,5,0,2
BRDA:51,5,1,1
BRDA:60,6,0,8
BRDA:60,6,1,1
BRDA:60,7,0,7
BRDA:60,7,1,1
BRDA:60,8,0,6
BRDA:60,8,1,1
BRDA:61,9,0,5
BRDA:61,9,1,1
BRDA:66,10,0,5
BRDA:66,10,1,0
BRDA:69,11,0,5
BRDA:69,11,1,0
BRDA:94,12,0,2
BRDA:94,12,1,0
BRDA:101,13,0,1
BRDA:101,13,1,0
BRF:26
BRH:21
end_of_record
TN:
SF:/Users/kamallaungani/Documents/VSCode/death-note/contracts/contracts/MockERC20.sol
FN:22,constructor
FNF:1
FNH:1
FNDA:22,constructor
DA:23,22
LF:1
LH:1
BRF:0
BRH:0
end_of_record
