{"contracts/CryptoInheritance.sol":{"l":{"26":7,"27":6,"34":23,"42":18,"44":17,"45":17,"52":2,"53":2,"61":6,"63":5,"64":5,"66":5,"69":5,"71":5,"72":5,"80":1,"88":1,"95":2,"102":1},"path":"/Users/kamallaungani/Documents/VSCode/death-note/contracts/contracts/CryptoInheritance.sol","s":{"1":7,"2":18,"3":17,"4":2,"5":6,"6":5,"7":5,"8":5,"9":5,"10":5,"11":1,"12":1,"13":2,"14":1},"b":{"1":[6,1],"2":[18,1],"3":[18,0],"4":[17,1],"5":[2,1],"6":[8,1],"7":[7,1],"8":[6,1],"9":[5,1],"10":[5,0],"11":[5,0],"12":[2,0],"13":[1,0]},"f":{"1":7,"2":23,"3":18,"4":2,"5":6,"6":1,"7":1,"8":2,"9":1},"fnMap":{"1":{"name":"notTriggered","line":25,"loc":{"start":{"line":25,"column":4},"end":{"line":28,"column":4}}},"2":{"name":"constructor","line":33,"loc":{"start":{"line":33,"column":4},"end":{"line":35,"column":4}}},"3":{"name":"nominateInheritor","line":41,"loc":{"start":{"line":41,"column":4},"end":{"line":46,"column":4}}},"4":{"name":"cancelNomination","line":51,"loc":{"start":{"line":51,"column":4},"end":{"line":54,"column":4}}},"5":{"name":"triggerInheritance","line":60,"loc":{"start":{"line":60,"column":4},"end":{"line":73,"column":4}}},"6":{"name":"getInheritor","line":79,"loc":{"start":{"line":79,"column":4},"end":{"line":81,"column":4}}},"7":{"name":"getOwner","line":87,"loc":{"start":{"line":87,"column":4},"end":{"line":89,"column":4}}},"8":{"name":"pause","line":94,"loc":{"start":{"line":94,"column":4},"end":{"line":96,"column":4}}},"9":{"name":"unpause","line":101,"loc":{"start":{"line":101,"column":4},"end":{"line":103,"column":4}}}},"statementMap":{"1":{"start":{"line":26,"column":8},"end":{"line":26,"column":61}},"2":{"start":{"line":42,"column":8},"end":{"line":42,"column":76}},"3":{"start":{"line":45,"column":8},"end":{"line":45,"column":43}},"4":{"start":{"line":53,"column":8},"end":{"line":53,"column":34}},"5":{"start":{"line":61,"column":8},"end":{"line":61,"column":65}},"6":{"start":{"line":63,"column":8},"end":{"line":63,"column":43}},"7":{"start":{"line":64,"column":8},"end":{"line":64,"column":50}},"8":{"start":{"line":66,"column":8},"end":{"line":66,"column":52}},"9":{"start":{"line":69,"column":8},"end":{"line":69,"column":88}},"10":{"start":{"line":72,"column":8},"end":{"line":72,"column":58}},"11":{"start":{"line":80,"column":8},"end":{"line":80,"column":24}},"12":{"start":{"line":88,"column":8},"end":{"line":88,"column":22}},"13":{"start":{"line":95,"column":8},"end":{"line":95,"column":15}},"14":{"start":{"line":102,"column":8},"end":{"line":102,"column":17}}},"branchMap":{"1":{"line":26,"type":"if","locations":[{"start":{"line":26,"column":8},"end":{"line":26,"column":8}},{"start":{"line":26,"column":8},"end":{"line":26,"column":8}}]},"2":{"line":41,"type":"if","locations":[{"start":{"line":41,"column":60},"end":{"line":41,"column":60}},{"start":{"line":41,"column":60},"end":{"line":41,"column":60}}]},"3":{"line":41,"type":"if","locations":[{"start":{"line":41,"column":70},"end":{"line":41,"column":70}},{"start":{"line":41,"column":70},"end":{"line":41,"column":70}}]},"4":{"line":42,"type":"if","locations":[{"start":{"line":42,"column":8},"end":{"line":42,"column":8}},{"start":{"line":42,"column":8},"end":{"line":42,"column":8}}]},"5":{"line":51,"type":"if","locations":[{"start":{"line":51,"column":41},"end":{"line":51,"column":41}},{"start":{"line":51,"column":41},"end":{"line":51,"column":41}}]},"6":{"line":60,"type":"if","locations":[{"start":{"line":60,"column":63},"end":{"line":60,"column":63}},{"start":{"line":60,"column":63},"end":{"line":60,"column":63}}]},"7":{"line":60,"type":"if","locations":[{"start":{"line":60,"column":73},"end":{"line":60,"column":73}},{"start":{"line":60,"column":73},"end":{"line":60,"column":73}}]},"8":{"line":60,"type":"if","locations":[{"start":{"line":60,"column":87},"end":{"line":60,"column":87}},{"start":{"line":60,"column":87},"end":{"line":60,"column":87}}]},"9":{"line":61,"type":"if","locations":[{"start":{"line":61,"column":8},"end":{"line":61,"column":8}},{"start":{"line":61,"column":8},"end":{"line":61,"column":8}}]},"10":{"line":66,"type":"if","locations":[{"start":{"line":66,"column":8},"end":{"line":66,"column":8}},{"start":{"line":66,"column":8},"end":{"line":66,"column":8}}]},"11":{"line":69,"type":"if","locations":[{"start":{"line":69,"column":8},"end":{"line":69,"column":8}},{"start":{"line":69,"column":8},"end":{"line":69,"column":8}}]},"12":{"line":94,"type":"if","locations":[{"start":{"line":94,"column":30},"end":{"line":94,"column":30}},{"start":{"line":94,"column":30},"end":{"line":94,"column":30}}]},"13":{"line":101,"type":"if","locations":[{"start":{"line":101,"column":32},"end":{"line":101,"column":32}},{"start":{"line":101,"column":32},"end":{"line":101,"column":32}}]}}},"contracts/MockERC20.sol":{"l":{"23":22},"path":"/Users/kamallaungani/Documents/VSCode/death-note/contracts/contracts/MockERC20.sol","s":{"1":22},"b":{},"f":{"1":22},"fnMap":{"1":{"name":"constructor","line":22,"loc":{"start":{"line":18,"column":4},"end":{"line":24,"column":4}}}},"statementMap":{"1":{"start":{"line":23,"column":8},"end":{"line":23,"column":39}}},"branchMap":{}}}